# JRE version: Java(TM) SE Runtime Environment (8.0_202-b08) (build 1.8.0_202-b08)
# Java VM: Java HotSpot(TM) 64-Bit Server VM (25.202-b08 mixed mode windows-amd64 compressed oops)
Heap:
 PSYoungGen      total 105472K, used 67963K [0x00000000e0500000, 0x00000000e7400000, 0x0000000100000000)
  eden space 98304K, 69% used [0x00000000e0500000,0x00000000e475ee58,0x00000000e6500000)
  from space 7168K, 0% used [0x00000000e6d00000,0x00000000e6d00000,0x00000000e7400000)
  to   space 7680K, 0% used [0x00000000e6500000,0x00000000e6500000,0x00000000e6c80000)
 ParOldGen       total 43008K, used 6016K [0x00000000a0e00000, 0x00000000a3800000, 0x00000000e0500000)
  object space 43008K, 13% used [0x00000000a0e00000,0x00000000a13e0308,0x00000000a3800000)
 Metaspace       used 26084K, capacity 27806K, committed 28032K, reserved 1073152K
  class space    used 3382K, capacity 3705K, committed 3712K, reserved 1048576K
GC Heap History (10 events):
Event: 2.037 GC heap before
{Heap before GC invocations=3 (full 0):
 PSYoungGen      total 28672K, used 28646K [0x00000000e0500000, 0x00000000e3d00000, 0x0000000100000000)
  eden space 24576K, 100% used [0x00000000e0500000,0x00000000e1d00000,0x00000000e1d00000)
  from space 4096K, 99% used [0x00000000e2100000,0x00000000e24f9b80,0x00000000e2500000)
  to   space 4096K, 0% used [0x00000000e1d00000,0x00000000e1d00000,0x00000000e2100000)
 ParOldGen       total 65536K, used 852K [0x00000000a0e00000, 0x00000000a4e00000, 0x00000000e0500000)
  object space 65536K, 1% used [0x00000000a0e00000,0x00000000a0ed51d0,0x00000000a4e00000)
 Metaspace       used 15904K, capacity 16578K, committed 16768K, reserved 1064960K
  class space    used 1961K, capacity 2115K, committed 2176K, reserved 1048576K
Event: 2.047 GC heap after
Heap after GC invocations=3 (full 0):
 PSYoungGen      total 28672K, used 4082K [0x00000000e0500000, 0x00000000e3d00000, 0x0000000100000000)
  eden space 24576K, 0% used [0x00000000e0500000,0x00000000e0500000,0x00000000e1d00000)
  from space 4096K, 99% used [0x00000000e1d00000,0x00000000e20fcb88,0x00000000e2100000)
  to   space 4096K, 0% used [0x00000000e3900000,0x00000000e3900000,0x00000000e3d00000)
 ParOldGen       total 65536K, used 3414K [0x00000000a0e00000, 0x00000000a4e00000, 0x00000000e0500000)
  object space 65536K, 5% used [0x00000000a0e00000,0x00000000a1155960,0x00000000a4e00000)
 Metaspace       used 15904K, capacity 16578K, committed 16768K, reserved 1064960K
  class space    used 1961K, capacity 2115K, committed 2176K, reserved 1048576K
}
Event: 2.584 GC heap before
{Heap before GC invocations=4 (full 0):
 PSYoungGen      total 28672K, used 28658K [0x00000000e0500000, 0x00000000e3d00000, 0x0000000100000000)
  eden space 24576K, 100% used [0x00000000e0500000,0x00000000e1d00000,0x00000000e1d00000)
  from space 4096K, 99% used [0x00000000e1d00000,0x00000000e20fcb88,0x00000000e2100000)
  to   space 4096K, 0% used [0x00000000e3900000,0x00000000e3900000,0x00000000e3d00000)
 ParOldGen       total 65536K, used 3414K [0x00000000a0e00000, 0x00000000a4e00000, 0x00000000e0500000)
  object space 65536K, 5% used [0x00000000a0e00000,0x00000000a1155960,0x00000000a4e00000)
 Metaspace       used 18909K, capacity 19696K, committed 19840K, reserved 1067008K
  class space    used 2381K, capacity 2562K, committed 2688K, reserved 1048576K
Event: 2.600 GC heap after
Heap after GC invocations=4 (full 0):
 PSYoungGen      total 53248K, used 4069K [0x00000000e0500000, 0x00000000e3d00000, 0x0000000100000000)
  eden space 49152K, 0% used [0x00000000e0500000,0x00000000e0500000,0x00000000e3500000)
  from space 4096K, 99% used [0x00000000e3900000,0x00000000e3cf9638,0x00000000e3d00000)
  to   space 4096K, 0% used [0x00000000e3500000,0x00000000e3500000,0x00000000e3900000)
 ParOldGen       total 65536K, used 6290K [0x00000000a0e00000, 0x00000000a4e00000, 0x00000000e0500000)
  object space 65536K, 9% used [0x00000000a0e00000,0x00000000a14248b8,0x00000000a4e00000)
 Metaspace       used 18909K, capacity 19696K, committed 19840K, reserved 1067008K
  class space    used 2381K, capacity 2562K, committed 2688K, reserved 1048576K
}
Event: 3.081 GC heap before
{Heap before GC invocations=5 (full 0):
 PSYoungGen      total 53248K, used 53221K [0x00000000e0500000, 0x00000000e3d00000, 0x0000000100000000)
  eden space 49152K, 100% used [0x00000000e0500000,0x00000000e3500000,0x00000000e3500000)
  from space 4096K, 99% used [0x00000000e3900000,0x00000000e3cf9638,0x00000000e3d00000)
  to   space 4096K, 0% used [0x00000000e3500000,0x00000000e3500000,0x00000000e3900000)
 ParOldGen       total 65536K, used 6290K [0x00000000a0e00000, 0x00000000a4e00000, 0x00000000e0500000)
  object space 65536K, 9% used [0x00000000a0e00000,0x00000000a14248b8,0x00000000a4e00000)
 Metaspace       used 19844K, capacity 20756K, committed 20992K, reserved 1067008K
  class space    used 2487K, capacity 2716K, committed 2816K, reserved 1048576K
Event: 3.093 GC heap after
Heap after GC invocations=5 (full 0):
 PSYoungGen      total 53248K, used 4093K [0x00000000e0500000, 0x00000000e7500000, 0x0000000100000000)
  eden space 49152K, 0% used [0x00000000e0500000,0x00000000e0500000,0x00000000e3500000)
  from space 4096K, 99% used [0x00000000e3500000,0x00000000e38ff560,0x00000000e3900000)
  to   space 8192K, 0% used [0x00000000e6d00000,0x00000000e6d00000,0x00000000e7500000)
 ParOldGen       total 65536K, used 7962K [0x00000000a0e00000, 0x00000000a4e00000, 0x00000000e0500000)
  object space 65536K, 12% used [0x00000000a0e00000,0x00000000a15c6948,0x00000000a4e00000)
 Metaspace       used 19844K, capacity 20756K, committed 20992K, reserved 1067008K
  class space    used 2487K, capacity 2716K, committed 2816K, reserved 1048576K
}
Event: 3.338 GC heap before
{Heap before GC invocations=6 (full 0):
 PSYoungGen      total 53248K, used 11832K [0x00000000e0500000, 0x00000000e7500000, 0x0000000100000000)
  eden space 49152K, 15% used [0x00000000e0500000,0x00000000e0c8ec70,0x00000000e3500000)
  from space 4096K, 99% used [0x00000000e3500000,0x00000000e38ff560,0x00000000e3900000)
  to   space 8192K, 0% used [0x00000000e6d00000,0x00000000e6d00000,0x00000000e7500000)
 ParOldGen       total 65536K, used 7962K [0x00000000a0e00000, 0x00000000a4e00000, 0x00000000e0500000)
  object space 65536K, 12% used [0x00000000a0e00000,0x00000000a15c6948,0x00000000a4e00000)
 Metaspace       used 20253K, capacity 21156K, committed 21248K, reserved 1067008K
  class space    used 2528K, capacity 2758K, committed 2816K, reserved 1048576K
Event: 3.350 GC heap after
Heap after GC invocations=6 (full 0):
 PSYoungGen      total 105472K, used 5129K [0x00000000e0500000, 0x00000000e7400000, 0x0000000100000000)
  eden space 98304K, 0% used [0x00000000e0500000,0x00000000e0500000,0x00000000e6500000)
  from space 7168K, 71% used [0x00000000e6d00000,0x00000000e72026c0,0x00000000e7400000)
  to   space 7680K, 0% used [0x00000000e6500000,0x00000000e6500000,0x00000000e6c80000)
 ParOldGen       total 65536K, used 7970K [0x00000000a0e00000, 0x00000000a4e00000, 0x00000000e0500000)
  object space 65536K, 12% used [0x00000000a0e00000,0x00000000a15c8948,0x00000000a4e00000)
 Metaspace       used 20253K, capacity 21156K, committed 21248K, reserved 1067008K
  class space    used 2528K, capacity 2758K, committed 2816K, reserved 1048576K
}
Event: 3.350 GC heap before
{Heap before GC invocations=7 (full 1):
 PSYoungGen      total 105472K, used 5129K [0x00000000e0500000, 0x00000000e7400000, 0x0000000100000000)
  eden space 98304K, 0% used [0x00000000e0500000,0x00000000e0500000,0x00000000e6500000)
  from space 7168K, 71% used [0x00000000e6d00000,0x00000000e72026c0,0x00000000e7400000)
  to   space 7680K, 0% used [0x00000000e6500000,0x00000000e6500000,0x00000000e6c80000)
 ParOldGen       total 65536K, used 7970K [0x00000000a0e00000, 0x00000000a4e00000, 0x00000000e0500000)
  object space 65536K, 12% used [0x00000000a0e00000,0x00000000a15c8948,0x00000000a4e00000)
 Metaspace       used 20253K, capacity 21156K, committed 21248K, reserved 1067008K
  class space    used 2528K, capacity 2758K, committed 2816K, reserved 1048576K
Event: 3.396 GC heap after
Heap after GC invocations=7 (full 1):
 PSYoungGen      total 105472K, used 0K [0x00000000e0500000, 0x00000000e7400000, 0x0000000100000000)
  eden space 98304K, 0% used [0x00000000e0500000,0x00000000e0500000,0x00000000e6500000)
  from space 7168K, 0% used [0x00000000e6d00000,0x00000000e6d00000,0x00000000e7400000)
  to   space 7680K, 0% used [0x00000000e6500000,0x00000000e6500000,0x00000000e6c80000)
 ParOldGen       total 43008K, used 6016K [0x00000000a0e00000, 0x00000000a3800000, 0x00000000e0500000)
  object space 43008K, 13% used [0x00000000a0e00000,0x00000000a13e0308,0x00000000a3800000)
 Metaspace       used 20253K, capacity 21156K, committed 21248K, reserved 1067008K
  class space    used 2528K, capacity 2758K, committed 2816K, reserved 1048576K
}

